<?xml version="1.0" encoding="UTF-8"?>
<!-- Generated by org.testng.reporters.JUnitReportReporter -->
<testsuite hostname="DESKTOP-IGBPCA6" failures="0" tests="1" name="demo.test.Login" time="4.306" errors="0" timestamp="2025-01-21T15:04:00 IST" skipped="0">
  <testcase classname="demo.test.Login" name="LoginWithvalidCredentials" time="4.306"/>
</testsuite> <!-- demo.test.Login -->
